/home/bioinf/.local/lib/python3.8/site-packages/openpyxl/worksheet/_reader.py:329: UserWarning: Data Validation extension is not supported and will be removed
  warn(msg)
Samplesheets generated: /home/bioinf/george/pipeline_automation/2023/feb/2302737_2302738/example.xlsx.
Flag file created for /home/bioinf/george/pipeline_automation/2023/feb/2302737_2302738/example.xlsx.
/home/bioinf/george/pipeline_automation/split_somatic_samplesheet.py:65: FutureWarning: The default value of regex will change from True to False in a future version.
  copied_df_body_all.iloc[:, 2].str.replace("^PL", "").str.split("-").str.get(0)
SampleSheets [32mcreated[0m
/home/bioinf/.local/lib/python3.8/site-packages/openpyxl/worksheet/_reader.py:329: UserWarning: Data Validation extension is not supported and will be removed
  warn(msg)
/home/bioinf/.local/lib/python3.8/site-packages/openpyxl/worksheet/_reader.py:329: UserWarning: Conditional Formatting extension is not supported and will be removed
  warn(msg)
Roche combined csv generated: /home/bioinf/george/pipeline_automation/2023/feb/roche_test/2303550_HyperCapture@Bristol_v17.xlsx.
Flag file created for /home/bioinf/george/pipeline_automation/2023/feb/roche_test/2303550_HyperCapture@Bristol_v17.xlsx.
Error: Invalid file format for /home/bioinf/george/pipeline_automation/2023/feb/test1/test.xlsx. Skipping...
/home/bioinf/.local/lib/python3.8/site-packages/openpyxl/worksheet/_reader.py:329: UserWarning: Data Validation extension is not supported and will be removed
  warn(msg)
Samplesheets generated: /home/bioinf/george/pipeline_automation/2023/feb/test3/2218139_2218140.xlsx.
Flag file created for /home/bioinf/george/pipeline_automation/2023/feb/test3/2218139_2218140.xlsx.
/home/bioinf/.local/lib/python3.8/site-packages/openpyxl/worksheet/_reader.py:329: UserWarning: Data Validation extension is not supported and will be removed
  warn(msg)
Flag file created for /home/bioinf/george/pipeline_automation/2023/feb/2302737_2302738/example.xlsx.
Samplesheets generated: /home/bioinf/george/pipeline_automation/2023/feb/2302737_2302738/example.xlsx.
/home/bioinf/george/pipeline_automation/split_somatic_samplesheet.py:65: FutureWarning: The default value of regex will change from True to False in a future version.
  copied_df_body_all.iloc[:, 2].str.replace("^PL", "").str.split("-").str.get(0)
SampleSheets [32mcreated[0m
/home/bioinf/.local/lib/python3.8/site-packages/openpyxl/worksheet/_reader.py:329: UserWarning: Data Validation extension is not supported and will be removed
  warn(msg)
/home/bioinf/.local/lib/python3.8/site-packages/openpyxl/worksheet/_reader.py:329: UserWarning: Conditional Formatting extension is not supported and will be removed
  warn(msg)
Roche combined csv generated: /home/bioinf/george/pipeline_automation/2023/feb/roche_test/2303550_HyperCapture@Bristol_v17.xlsx.
Flag file created for /home/bioinf/george/pipeline_automation/2023/feb/roche_test/2303550_HyperCapture@Bristol_v17.xlsx.
Error: Invalid file format for /home/bioinf/george/pipeline_automation/2023/feb/test1/test.xlsx. Skipping...
/home/bioinf/.local/lib/python3.8/site-packages/openpyxl/worksheet/_reader.py:329: UserWarning: Data Validation extension is not supported and will be removed
  warn(msg)
Flag file created for /home/bioinf/george/pipeline_automation/2023/feb/test3/2218139_2218140.xlsx.
Samplesheets generated: /home/bioinf/george/pipeline_automation/2023/feb/test3/2218139_2218140.xlsx.
